TN:
SF:src/compiler.ts
FN:6,compact
FN:7,(anonymous_2)
FN:14,FormattedBlocks
FN:15,(anonymous_4)
FNF:4
FNH:4
FNDA:3,compact
FNDA:3,(anonymous_2)
FNDA:4,FormattedBlocks
FNDA:3,(anonymous_4)
DA:1,1
DA:2,1
DA:7,3
DA:15,4
DA:16,3
DA:17,3
DA:18,3
DA:25,1
LF:8
LH:8
BRDA:17,0,0,3
BRDA:17,0,1,0
BRF:2
BRH:1
end_of_record
TN:
SF:src/formatted-text.ts
FN:5,compact
FN:6,(anonymous_2)
FN:9,toFormattedText
FN:24,(anonymous_4)
FN:27,(anonymous_5)
FNF:5
FNH:5
FNDA:113,compact
FNDA:1114,(anonymous_2)
FNDA:3690,toFormattedText
FNDA:16,(anonymous_4)
FNDA:19,(anonymous_5)
DA:2,4
DA:6,1114
DA:9,4
DA:11,3690
DA:13,3690
DA:15,11
DA:16,11
DA:20,3679
DA:21,24
DA:23,24
DA:24,16
DA:26,8
DA:27,19
DA:29,3655
DA:30,2623
DA:34,1032
DA:35,1030
DA:40,2
DA:43,1156
DA:44,5
DA:47,1151
LF:21
LH:21
BRDA:11,0,0,3690
BRDA:11,0,1,3666
BRDA:11,1,0,3690
BRDA:11,1,1,1044
BRDA:13,2,0,11
BRDA:13,2,1,3679
BRDA:15,3,0,11
BRDA:15,3,1,1
BRDA:20,4,0,24
BRDA:20,4,1,3655
BRDA:20,5,0,3679
BRDA:20,5,1,2647
BRDA:23,6,0,16
BRDA:23,6,1,8
BRDA:23,7,0,24
BRDA:23,7,1,23
BRDA:24,8,0,16
BRDA:24,8,1,0
BRDA:27,9,0,8
BRDA:27,9,1,1
BRDA:29,10,0,2623
BRDA:29,10,1,1032
BRDA:32,11,0,2623
BRDA:32,11,1,0
BRDA:34,12,0,1030
BRDA:34,12,1,2
BRDA:37,13,0,1030
BRDA:37,13,1,3
BRDA:43,14,0,5
BRF:29
BRH:27
end_of_record
TN:
SF:src/handlers.ts
FN:4,(anonymous_0)
FN:9,(anonymous_1)
FN:14,(anonymous_2)
FN:19,(anonymous_3)
FN:24,(anonymous_4)
FN:32,(anonymous_5)
FN:37,(anonymous_6)
FN:42,(anonymous_7)
FN:47,(anonymous_8)
FN:52,(anonymous_9)
FN:57,(anonymous_10)
FN:62,(anonymous_11)
FN:67,(anonymous_12)
FN:72,(anonymous_13)
FN:77,(anonymous_14)
FNF:15
FNH:15
FNDA:4,(anonymous_0)
FNDA:4,(anonymous_1)
FNDA:1,(anonymous_2)
FNDA:1,(anonymous_3)
FNDA:5,(anonymous_4)
FNDA:17,(anonymous_5)
FNDA:2,(anonymous_6)
FNDA:1,(anonymous_7)
FNDA:1,(anonymous_8)
FNDA:1,(anonymous_9)
FNDA:1,(anonymous_10)
FNDA:1,(anonymous_11)
FNDA:1,(anonymous_12)
FNDA:1,(anonymous_13)
FNDA:1,(anonymous_14)
DA:3,5
DA:4,4
DA:9,4
DA:14,1
DA:19,1
DA:24,5
DA:32,17
DA:37,2
DA:42,1
DA:47,1
DA:52,1
DA:57,1
DA:62,1
DA:67,1
DA:72,1
DA:77,1
DA:83,5
LF:17
LH:17
BRDA:28,0,0,5
BRDA:28,0,1,2
BRDA:34,1,0,17
BRDA:34,1,1,1
BRDA:39,2,0,2
BRDA:39,2,1,0
BRDA:44,3,0,1
BRDA:44,3,1,0
BRDA:49,4,0,1
BRDA:49,4,1,0
BRDA:54,5,0,1
BRDA:54,5,1,0
BRDA:59,6,0,1
BRDA:59,6,1,0
BRDA:64,7,0,1
BRDA:64,7,1,0
BRDA:69,8,0,1
BRDA:69,8,1,0
BRDA:74,9,0,1
BRDA:74,9,1,0
BRDA:79,10,0,1
BRDA:79,10,1,0
BRF:22
BRH:13
end_of_record
TN:
SF:src/typings/index.ts
FNF:0
FNH:0
DA:4,0
LF:1
LH:0
BRF:0
BRH:0
end_of_record
